<?xml version="1.0" encoding="UTF-8"?>
<coverage generated="1779640545326" clover="3.2.0">
  <project timestamp="1779640545326" name="All files">
    <metrics statements="89" coveredstatements="42" conditionals="30" coveredconditionals="15" methods="9" coveredmethods="4" elements="128" coveredelements="61" complexity="0" loc="89" ncloc="89" packages="1" files="2" classes="2"/>
    <file name="AuthController.js" path="D:\Core-Flow-main\Core-Flow\backend\controllers\AuthController.js">
      <metrics statements="54" coveredstatements="35" conditionals="22" coveredconditionals="13" methods="4" coveredmethods="3"/>
      <line num="1" count="1" type="stmt"/>
      <line num="2" count="1" type="stmt"/>
      <line num="3" count="1" type="stmt"/>
      <line num="5" count="1" type="stmt"/>
      <line num="6" count="2" type="stmt"/>
      <line num="7" count="2" type="stmt"/>
      <line num="8" count="2" type="stmt"/>
      <line num="9" count="32" type="cond" truecount="4" falsecount="0"/>
      <line num="10" count="32" type="stmt"/>
      <line num="12" count="2" type="stmt"/>
      <line num="18" count="2" type="stmt"/>
      <line num="19" count="2" type="stmt"/>
      <line num="21" count="2" type="stmt"/>
      <line num="22" count="2" type="cond" truecount="1" falsecount="1"/>
      <line num="23" count="0" type="stmt"/>
      <line num="26" count="2" type="stmt"/>
      <line num="29" count="2" type="cond" truecount="2" falsecount="2"/>
      <line num="31" count="2" type="stmt"/>
      <line num="39" count="1" type="stmt"/>
      <line num="40" count="1" type="stmt"/>
      <line num="42" count="1" type="stmt"/>
      <line num="50" count="1" type="stmt"/>
      <line num="58" count="1" type="stmt"/>
      <line num="59" count="1" type="cond" truecount="1" falsecount="1"/>
      <line num="60" count="0" type="stmt"/>
      <line num="62" count="1" type="stmt"/>
      <line num="67" count="2" type="stmt"/>
      <line num="68" count="2" type="stmt"/>
      <line num="70" count="2" type="stmt"/>
      <line num="71" count="2" type="cond" truecount="1" falsecount="1"/>
      <line num="72" count="0" type="stmt"/>
      <line num="75" count="2" type="stmt"/>
      <line num="76" count="2" type="cond" truecount="2" falsecount="0"/>
      <line num="77" count="1" type="stmt"/>
      <line num="80" count="1" type="stmt"/>
      <line num="82" count="1" type="stmt"/>
      <line num="92" count="1" type="stmt"/>
      <line num="103" count="0" type="stmt"/>
      <line num="108" count="0" type="stmt"/>
      <line num="109" count="0" type="stmt"/>
      <line num="110" count="0" type="stmt"/>
      <line num="112" count="0" type="cond" truecount="0" falsecount="2"/>
      <line num="113" count="0" type="stmt"/>
      <line num="117" count="0" type="stmt"/>
      <line num="119" count="0" type="cond" truecount="0" falsecount="2"/>
      <line num="120" count="0" type="stmt"/>
      <line num="121" count="0" type="stmt"/>
      <line num="124" count="0" type="stmt"/>
      <line num="125" count="0" type="stmt"/>
      <line num="127" count="0" type="stmt"/>
      <line num="128" count="0" type="stmt"/>
      <line num="131" count="0" type="stmt"/>
      <line num="132" count="0" type="stmt"/>
      <line num="137" count="1" type="stmt"/>
    </file>
    <file name="PersonController.js" path="D:\Core-Flow-main\Core-Flow\backend\controllers\PersonController.js">
      <metrics statements="35" coveredstatements="7" conditionals="8" coveredconditionals="2" methods="5" coveredmethods="1"/>
      <line num="1" count="1" type="stmt"/>
      <line num="6" count="3" type="stmt"/>
      <line num="7" count="3" type="stmt"/>
      <line num="9" count="3" type="stmt"/>
      <line num="18" count="1" type="stmt"/>
      <line num="20" count="2" type="stmt"/>
      <line num="26" count="0" type="stmt"/>
      <line num="27" count="0" type="stmt"/>
      <line num="32" count="0" type="stmt"/>
      <line num="34" count="0" type="stmt"/>
      <line num="40" count="0" type="stmt"/>
      <line num="41" count="0" type="stmt"/>
      <line num="42" count="0" type="stmt"/>
      <line num="46" count="0" type="cond" truecount="0" falsecount="2"/>
      <line num="47" count="0" type="stmt"/>
      <line num="50" count="0" type="stmt"/>
      <line num="52" count="0" type="stmt"/>
      <line num="58" count="0" type="stmt"/>
      <line num="59" count="0" type="stmt"/>
      <line num="60" count="0" type="stmt"/>
      <line num="62" count="0" type="stmt"/>
      <line num="66" count="0" type="cond" truecount="0" falsecount="2"/>
      <line num="67" count="0" type="stmt"/>
      <line num="70" count="0" type="stmt"/>
      <line num="72" count="0" type="stmt"/>
      <line num="74" count="0" type="stmt"/>
      <line num="80" count="0" type="stmt"/>
      <line num="81" count="0" type="stmt"/>
      <line num="83" count="0" type="stmt"/>
      <line num="87" count="0" type="cond" truecount="0" falsecount="2"/>
      <line num="88" count="0" type="stmt"/>
      <line num="91" count="0" type="stmt"/>
      <line num="93" count="0" type="stmt"/>
      <line num="95" count="0" type="stmt"/>
      <line num="100" count="1" type="stmt"/>
    </file>
  </project>
</coverage>
