{"D:\\Core-Flow-main\\Core-Flow\\backend\\controllers\\AuthController.js": {"path":"D:\\Core-Flow-main\\Core-Flow\\backend\\controllers\\AuthController.js","statementMap":{"0":{"start":{"line":1,"column":15},"end":{"line":1,"column":34}},"1":{"start":{"line":2,"column":12},"end":{"line":2,"column":35}},"2":{"start":{"line":3,"column":25},"end":{"line":3,"column":45}},"3":{"start":{"line":5,"column":27},"end":{"line":13,"column":1}},"4":{"start":{"line":6,"column":16},"end":{"line":6,"column":54}},"5":{"start":{"line":7,"column":12},"end":{"line":7,"column":14}},"6":{"start":{"line":8,"column":2},"end":{"line":11,"column":3}},"7":{"start":{"line":8,"column":15},"end":{"line":8,"column":16}},"8":{"start":{"line":9,"column":4},"end":{"line":9,"column":41}},"9":{"start":{"line":9,"column":30},"end":{"line":9,"column":41}},"10":{"start":{"line":10,"column":4},"end":{"line":10,"column":66}},"11":{"start":{"line":12,"column":2},"end":{"line":12,"column":13}},"12":{"start":{"line":18,"column":4},"end":{"line":63,"column":5}},"13":{"start":{"line":19,"column":99},"end":{"line":19,"column":107}},"14":{"start":{"line":21,"column":25},"end":{"line":21,"column":65}},"15":{"start":{"line":22,"column":6},"end":{"line":24,"column":7}},"16":{"start":{"line":23,"column":8},"end":{"line":23,"column":72}},"17":{"start":{"line":26,"column":25},"end":{"line":26,"column":45}},"18":{"start":{"line":29,"column":29},"end":{"line":29,"column":102}},"19":{"start":{"line":31,"column":21},"end":{"line":37,"column":8}},"20":{"start":{"line":39,"column":19},"end":{"line":39,"column":43}},"21":{"start":{"line":40,"column":28},"end":{"line":40,"column":61}},"22":{"start":{"line":42,"column":19},"end":{"line":48,"column":8}},"23":{"start":{"line":50,"column":6},"end":{"line":55,"column":9}},"24":{"start":{"line":58,"column":6},"end":{"line":58,"column":58}},"25":{"start":{"line":59,"column":6},"end":{"line":61,"column":7}},"26":{"start":{"line":60,"column":9},"end":{"line":60,"column":92}},"27":{"start":{"line":62,"column":6},"end":{"line":62,"column":90}},"28":{"start":{"line":67,"column":4},"end":{"line":104,"column":5}},"29":{"start":{"line":68,"column":34},"end":{"line":68,"column":42}},"30":{"start":{"line":70,"column":19},"end":{"line":70,"column":59}},"31":{"start":{"line":71,"column":6},"end":{"line":73,"column":7}},"32":{"start":{"line":72,"column":8},"end":{"line":72,"column":73}},"33":{"start":{"line":75,"column":28},"end":{"line":75,"column":78}},"34":{"start":{"line":76,"column":6},"end":{"line":78,"column":7}},"35":{"start":{"line":77,"column":8},"end":{"line":77,"column":73}},"36":{"start":{"line":80,"column":21},"end":{"line":80,"column":58}},"37":{"start":{"line":82,"column":20},"end":{"line":90,"column":7}},"38":{"start":{"line":92,"column":6},"end":{"line":100,"column":9}},"39":{"start":{"line":103,"column":6},"end":{"line":103,"column":92}},"40":{"start":{"line":108,"column":4},"end":{"line":108,"column":66}},"41":{"start":{"line":109,"column":4},"end":{"line":133,"column":5}},"42":{"start":{"line":110,"column":29},"end":{"line":110,"column":37}},"43":{"start":{"line":112,"column":6},"end":{"line":114,"column":7}},"44":{"start":{"line":113,"column":8},"end":{"line":113,"column":80}},"45":{"start":{"line":117,"column":21},"end":{"line":117,"column":87}},"46":{"start":{"line":119,"column":6},"end":{"line":122,"column":7}},"47":{"start":{"line":120,"column":8},"end":{"line":120,"column":59}},"48":{"start":{"line":121,"column":8},"end":{"line":121,"column":77}},"49":{"start":{"line":124,"column":6},"end":{"line":124,"column":27}},"50":{"start":{"line":125,"column":6},"end":{"line":125,"column":26}},"51":{"start":{"line":127,"column":6},"end":{"line":127,"column":59}},"52":{"start":{"line":128,"column":6},"end":{"line":128,"column":81}},"53":{"start":{"line":131,"column":6},"end":{"line":131,"column":56}},"54":{"start":{"line":132,"column":6},"end":{"line":132,"column":95}},"55":{"start":{"line":137,"column":0},"end":{"line":137,"column":38}}},"fnMap":{"0":{"name":"(anonymous_0)","decl":{"start":{"line":5,"column":27},"end":{"line":5,"column":28}},"loc":{"start":{"line":5,"column":33},"end":{"line":13,"column":1}},"line":5},"1":{"name":"(anonymous_1)","decl":{"start":{"line":17,"column":2},"end":{"line":17,"column":3}},"loc":{"start":{"line":17,"column":27},"end":{"line":64,"column":3}},"line":17},"2":{"name":"(anonymous_2)","decl":{"start":{"line":66,"column":2},"end":{"line":66,"column":3}},"loc":{"start":{"line":66,"column":24},"end":{"line":105,"column":3}},"line":66},"3":{"name":"(anonymous_3)","decl":{"start":{"line":107,"column":2},"end":{"line":107,"column":3}},"loc":{"start":{"line":107,"column":34},"end":{"line":134,"column":3}},"line":107}},"branchMap":{"0":{"loc":{"start":{"line":9,"column":4},"end":{"line":9,"column":41}},"type":"if","locations":[{"start":{"line":9,"column":4},"end":{"line":9,"column":41}},{"start":{},"end":{}}],"line":9},"1":{"loc":{"start":{"line":9,"column":8},"end":{"line":9,"column":28}},"type":"binary-expr","locations":[{"start":{"line":9,"column":8},"end":{"line":9,"column":13}},{"start":{"line":9,"column":17},"end":{"line":9,"column":28}}],"line":9},"2":{"loc":{"start":{"line":22,"column":6},"end":{"line":24,"column":7}},"type":"if","locations":[{"start":{"line":22,"column":6},"end":{"line":24,"column":7}},{"start":{},"end":{}}],"line":22},"3":{"loc":{"start":{"line":29,"column":29},"end":{"line":29,"column":102}},"type":"cond-expr","locations":[{"start":{"line":29,"column":80},"end":{"line":29,"column":95}},{"start":{"line":29,"column":98},"end":{"line":29,"column":102}}],"line":29},"4":{"loc":{"start":{"line":29,"column":29},"end":{"line":29,"column":77}},"type":"binary-expr","locations":[{"start":{"line":29,"column":29},"end":{"line":29,"column":44}},{"start":{"line":29,"column":48},"end":{"line":29,"column":77}}],"line":29},"5":{"loc":{"start":{"line":59,"column":6},"end":{"line":61,"column":7}},"type":"if","locations":[{"start":{"line":59,"column":6},"end":{"line":61,"column":7}},{"start":{},"end":{}}],"line":59},"6":{"loc":{"start":{"line":71,"column":6},"end":{"line":73,"column":7}},"type":"if","locations":[{"start":{"line":71,"column":6},"end":{"line":73,"column":7}},{"start":{},"end":{}}],"line":71},"7":{"loc":{"start":{"line":76,"column":6},"end":{"line":78,"column":7}},"type":"if","locations":[{"start":{"line":76,"column":6},"end":{"line":78,"column":7}},{"start":{},"end":{}}],"line":76},"8":{"loc":{"start":{"line":88,"column":8},"end":{"line":88,"column":66}},"type":"binary-expr","locations":[{"start":{"line":88,"column":8},"end":{"line":88,"column":30}},{"start":{"line":88,"column":34},"end":{"line":88,"column":66}}],"line":88},"9":{"loc":{"start":{"line":112,"column":6},"end":{"line":114,"column":7}},"type":"if","locations":[{"start":{"line":112,"column":6},"end":{"line":114,"column":7}},{"start":{},"end":{}}],"line":112},"10":{"loc":{"start":{"line":119,"column":6},"end":{"line":122,"column":7}},"type":"if","locations":[{"start":{"line":119,"column":6},"end":{"line":122,"column":7}},{"start":{},"end":{}}],"line":119}},"s":{"0":1,"1":1,"2":1,"3":1,"4":2,"5":2,"6":2,"7":2,"8":32,"9":6,"10":32,"11":2,"12":2,"13":2,"14":2,"15":2,"16":0,"17":2,"18":2,"19":2,"20":1,"21":1,"22":1,"23":1,"24":1,"25":1,"26":0,"27":1,"28":2,"29":2,"30":2,"31":2,"32":0,"33":2,"34":2,"35":1,"36":1,"37":1,"38":1,"39":0,"40":0,"41":0,"42":0,"43":0,"44":0,"45":0,"46":0,"47":0,"48":0,"49":0,"50":0,"51":0,"52":0,"53":0,"54":0,"55":1},"f":{"0":2,"1":2,"2":2,"3":0},"b":{"0":[6,26],"1":[32,30],"2":[0,2],"3":[0,2],"4":[2,0],"5":[0,1],"6":[0,2],"7":[1,1],"8":[1,1],"9":[0,0],"10":[0,0]},"_coverageSchema":"1a1c01bbd47fc00a2c39e90264f33305004495a9","hash":"85448dbe330ee522ea9c3ca5e2365184ce3d2b0f"}
,"D:\\Core-Flow-main\\Core-Flow\\backend\\controllers\\PersonController.js": {"path":"D:\\Core-Flow-main\\Core-Flow\\backend\\controllers\\PersonController.js","statementMap":{"0":{"start":{"line":1,"column":19},"end":{"line":1,"column":39}},"1":{"start":{"line":6,"column":4},"end":{"line":21,"column":5}},"2":{"start":{"line":7,"column":57},"end":{"line":7,"column":65}},"3":{"start":{"line":9,"column":21},"end":{"line":16,"column":8}},"4":{"start":{"line":18,"column":6},"end":{"line":18,"column":42}},"5":{"start":{"line":20,"column":6},"end":{"line":20,"column":93}},"6":{"start":{"line":26,"column":4},"end":{"line":35,"column":5}},"7":{"start":{"line":27,"column":21},"end":{"line":30,"column":8}},"8":{"start":{"line":32,"column":6},"end":{"line":32,"column":30}},"9":{"start":{"line":34,"column":6},"end":{"line":34,"column":71}},"10":{"start":{"line":40,"column":4},"end":{"line":53,"column":5}},"11":{"start":{"line":41,"column":21},"end":{"line":41,"column":31}},"12":{"start":{"line":42,"column":21},"end":{"line":44,"column":8}},"13":{"start":{"line":46,"column":6},"end":{"line":48,"column":7}},"14":{"start":{"line":47,"column":8},"end":{"line":47,"column":86}},"15":{"start":{"line":50,"column":6},"end":{"line":50,"column":30}},"16":{"start":{"line":52,"column":6},"end":{"line":52,"column":70}},"17":{"start":{"line":58,"column":4},"end":{"line":75,"column":5}},"18":{"start":{"line":59,"column":21},"end":{"line":59,"column":31}},"19":{"start":{"line":60,"column":57},"end":{"line":60,"column":65}},"20":{"start":{"line":62,"column":21},"end":{"line":64,"column":8}},"21":{"start":{"line":66,"column":6},"end":{"line":68,"column":7}},"22":{"start":{"line":67,"column":8},"end":{"line":67,"column":90}},"23":{"start":{"line":70,"column":6},"end":{"line":70,"column":70}},"24":{"start":{"line":72,"column":6},"end":{"line":72,"column":30}},"25":{"start":{"line":74,"column":6},"end":{"line":74,"column":73}},"26":{"start":{"line":80,"column":4},"end":{"line":96,"column":5}},"27":{"start":{"line":81,"column":21},"end":{"line":81,"column":31}},"28":{"start":{"line":83,"column":21},"end":{"line":85,"column":8}},"29":{"start":{"line":87,"column":6},"end":{"line":89,"column":7}},"30":{"start":{"line":88,"column":8},"end":{"line":88,"column":87}},"31":{"start":{"line":91,"column":6},"end":{"line":91,"column":29}},"32":{"start":{"line":93,"column":6},"end":{"line":93,"column":36}},"33":{"start":{"line":95,"column":6},"end":{"line":95,"column":71}},"34":{"start":{"line":100,"column":0},"end":{"line":100,"column":40}}},"fnMap":{"0":{"name":"(anonymous_0)","decl":{"start":{"line":5,"column":2},"end":{"line":5,"column":3}},"loc":{"start":{"line":5,"column":24},"end":{"line":22,"column":3}},"line":5},"1":{"name":"(anonymous_1)","decl":{"start":{"line":25,"column":2},"end":{"line":25,"column":3}},"loc":{"start":{"line":25,"column":24},"end":{"line":36,"column":3}},"line":25},"2":{"name":"(anonymous_2)","decl":{"start":{"line":39,"column":2},"end":{"line":39,"column":3}},"loc":{"start":{"line":39,"column":23},"end":{"line":54,"column":3}},"line":39},"3":{"name":"(anonymous_3)","decl":{"start":{"line":57,"column":2},"end":{"line":57,"column":3}},"loc":{"start":{"line":57,"column":25},"end":{"line":76,"column":3}},"line":57},"4":{"name":"(anonymous_4)","decl":{"start":{"line":79,"column":2},"end":{"line":79,"column":3}},"loc":{"start":{"line":79,"column":25},"end":{"line":97,"column":3}},"line":79}},"branchMap":{"0":{"loc":{"start":{"line":14,"column":18},"end":{"line":14,"column":32}},"type":"binary-expr","locations":[{"start":{"line":14,"column":18},"end":{"line":14,"column":26}},{"start":{"line":14,"column":30},"end":{"line":14,"column":32}}],"line":14},"1":{"loc":{"start":{"line":46,"column":6},"end":{"line":48,"column":7}},"type":"if","locations":[{"start":{"line":46,"column":6},"end":{"line":48,"column":7}},{"start":{},"end":{}}],"line":46},"2":{"loc":{"start":{"line":66,"column":6},"end":{"line":68,"column":7}},"type":"if","locations":[{"start":{"line":66,"column":6},"end":{"line":68,"column":7}},{"start":{},"end":{}}],"line":66},"3":{"loc":{"start":{"line":87,"column":6},"end":{"line":89,"column":7}},"type":"if","locations":[{"start":{"line":87,"column":6},"end":{"line":89,"column":7}},{"start":{},"end":{}}],"line":87}},"s":{"0":1,"1":3,"2":3,"3":3,"4":1,"5":2,"6":0,"7":0,"8":0,"9":0,"10":0,"11":0,"12":0,"13":0,"14":0,"15":0,"16":0,"17":0,"18":0,"19":0,"20":0,"21":0,"22":0,"23":0,"24":0,"25":0,"26":0,"27":0,"28":0,"29":0,"30":0,"31":0,"32":0,"33":0,"34":1},"f":{"0":3,"1":0,"2":0,"3":0,"4":0},"b":{"0":[3,2],"1":[0,0],"2":[0,0],"3":[0,0]},"_coverageSchema":"1a1c01bbd47fc00a2c39e90264f33305004495a9","hash":"73991bad92f23aff890158d44ebe0cb9c0028b61"}
}
