TN:
SF:controllers\AuthController.js
FN:5,(anonymous_0)
FN:17,(anonymous_1)
FN:66,(anonymous_2)
FN:107,(anonymous_3)
FNF:4
FNH:3
FNDA:2,(anonymous_0)
FNDA:2,(anonymous_1)
FNDA:2,(anonymous_2)
FNDA:0,(anonymous_3)
DA:1,1
DA:2,1
DA:3,1
DA:5,1
DA:6,2
DA:7,2
DA:8,2
DA:9,32
DA:10,32
DA:12,2
DA:18,2
DA:19,2
DA:21,2
DA:22,2
DA:23,0
DA:26,2
DA:29,2
DA:31,2
DA:39,1
DA:40,1
DA:42,1
DA:50,1
DA:58,1
DA:59,1
DA:60,0
DA:62,1
DA:67,2
DA:68,2
DA:70,2
DA:71,2
DA:72,0
DA:75,2
DA:76,2
DA:77,1
DA:80,1
DA:82,1
DA:92,1
DA:103,0
DA:108,0
DA:109,0
DA:110,0
DA:112,0
DA:113,0
DA:117,0
DA:119,0
DA:120,0
DA:121,0
DA:124,0
DA:125,0
DA:127,0
DA:128,0
DA:131,0
DA:132,0
DA:137,1
LF:54
LH:35
BRDA:9,0,0,6
BRDA:9,0,1,26
BRDA:9,1,0,32
BRDA:9,1,1,30
BRDA:22,2,0,0
BRDA:22,2,1,2
BRDA:29,3,0,0
BRDA:29,3,1,2
BRDA:29,4,0,2
BRDA:29,4,1,0
BRDA:59,5,0,0
BRDA:59,5,1,1
BRDA:71,6,0,0
BRDA:71,6,1,2
BRDA:76,7,0,1
BRDA:76,7,1,1
BRDA:88,8,0,1
BRDA:88,8,1,1
BRDA:112,9,0,0
BRDA:112,9,1,0
BRDA:119,10,0,0
BRDA:119,10,1,0
BRF:22
BRH:13
end_of_record
TN:
SF:controllers\PersonController.js
FN:5,(anonymous_0)
FN:25,(anonymous_1)
FN:39,(anonymous_2)
FN:57,(anonymous_3)
FN:79,(anonymous_4)
FNF:5
FNH:1
FNDA:3,(anonymous_0)
FNDA:0,(anonymous_1)
FNDA:0,(anonymous_2)
FNDA:0,(anonymous_3)
FNDA:0,(anonymous_4)
DA:1,1
DA:6,3
DA:7,3
DA:9,3
DA:18,1
DA:20,2
DA:26,0
DA:27,0
DA:32,0
DA:34,0
DA:40,0
DA:41,0
DA:42,0
DA:46,0
DA:47,0
DA:50,0
DA:52,0
DA:58,0
DA:59,0
DA:60,0
DA:62,0
DA:66,0
DA:67,0
DA:70,0
DA:72,0
DA:74,0
DA:80,0
DA:81,0
DA:83,0
DA:87,0
DA:88,0
DA:91,0
DA:93,0
DA:95,0
DA:100,1
LF:35
LH:7
BRDA:14,0,0,3
BRDA:14,0,1,2
BRDA:46,1,0,0
BRDA:46,1,1,0
BRDA:66,2,0,0
BRDA:66,2,1,0
BRDA:87,3,0,0
BRDA:87,3,1,0
BRF:8
BRH:2
end_of_record
